<?xml version="1.0" encoding="UTF-8"?>
<testsuite name="com.lakeside.config.PropConfigurationLoaderTest" tests="2" skipped="0" failures="0" errors="0" timestamp="2014-11-09T08:04:19" hostname="dejun" time="0.065">
  <properties/>
  <testcase name="testLoad1" classname="com.lakeside.config.PropConfigurationLoaderTest" time="0.063"/>
  <testcase name="testLoad" classname="com.lakeside.config.PropConfigurationLoaderTest" time="0.001"/>
  <system-out><![CDATA[]]></system-out>
  <system-err><![CDATA[]]></system-err>
</testsuite>
