<?xml version="1.0" encoding="UTF-8"?>
<testsuite name="com.lakeside.config.XmlConfigurationLoaderTest" tests="1" skipped="0" failures="0" errors="0" timestamp="2014-11-09T08:04:19" hostname="dejun" time="0.042">
  <properties/>
  <testcase name="testLoad" classname="com.lakeside.config.XmlConfigurationLoaderTest" time="0.042"/>
  <system-out><![CDATA[]]></system-out>
  <system-err><![CDATA[]]></system-err>
</testsuite>
