<?xml version="1.0" encoding="UTF-8"?>
<testsuite name="com.lakeside.core.utils.time.StopWatchTest" tests="3" skipped="0" failures="0" errors="0" timestamp="2014-11-09T08:04:20" hostname="dejun" time="2.757">
  <properties/>
  <testcase name="testToString" classname="com.lakeside.core.utils.time.StopWatchTest" time="0.504"/>
  <testcase name="testStopWatchSimple" classname="com.lakeside.core.utils.time.StopWatchTest" time="0.551"/>
  <testcase name="testSaveStopPoint" classname="com.lakeside.core.utils.time.StopWatchTest" time="1.701"/>
  <system-out><![CDATA[550	150	1000	0:00:01.700
]]></system-out>
  <system-err><![CDATA[]]></system-err>
</testsuite>
