<?xml version="1.0" encoding="UTF-8"?>
<testsuite name="com.lakeside.core.utils.UtilTest" tests="1" skipped="0" failures="0" errors="0" timestamp="2014-11-09T08:04:20" hostname="dejun" time="0.0">
  <properties/>
  <testcase name="testRandom" classname="com.lakeside.core.utils.UtilTest" time="0.0"/>
  <system-out><![CDATA[[9, 0, 7, 3, 5][8, 2, 5, 0, 9][1, 9, 3, 2, 5]]]></system-out>
  <system-err><![CDATA[]]></system-err>
</testsuite>
