<?xml version="1.0" encoding="UTF-8"?>
<testsuite name="com.lakeside.core.utils.MapUtilsTest" tests="1" skipped="0" failures="0" errors="0" timestamp="2014-11-09T08:04:20" hostname="dejun" time="0.002">
  <properties/>
  <testcase name="testSortedByValues" classname="com.lakeside.core.utils.MapUtilsTest" time="0.002"/>
  <system-out><![CDATA[0.89:0.89
1.02:1.02
1.84:1.84
2.38:2.38
2.68:2.68
5.84:5.84
9.88:9.88
]]></system-out>
  <system-err><![CDATA[]]></system-err>
</testsuite>
