<?xml version="1.0" encoding="UTF-8"?>
<testsuite name="com.lakeside.core.utils.time.SimpleDataExtractTest" tests="1" skipped="0" failures="0" errors="0" timestamp="2014-11-09T08:04:22" hostname="dejun" time="0.011">
  <properties/>
  <testcase name="testExtractDate" classname="com.lakeside.core.utils.time.SimpleDataExtractTest" time="0.011"/>
  <system-out><![CDATA[Sun Nov 09 10:52:00 SGT 2014
Sun Nov 09 11:26:00 SGT 2014
Thu Dec 12 12:12:12 SGT 2013
Thu Dec 12 12:12:12 SGT 2013
Thu Sep 27 12:00:00 SGT 2012
Thu Sep 27 12:04:00 SGT 2012
]]></system-out>
  <system-err><![CDATA[]]></system-err>
</testsuite>
