<?xml version="1.0" encoding="UTF-8"?>
<testsuite name="com.lakeside.core.utils.StringUtilsTest" tests="2" skipped="0" failures="0" errors="0" timestamp="2014-11-09T08:04:20" hostname="dejun" time="0.0">
  <properties/>
  <testcase name="test" classname="com.lakeside.core.utils.StringUtilsTest" time="0.0"/>
  <testcase name="formatTest" classname="com.lakeside.core.utils.StringUtilsTest" time="0.0"/>
  <system-out><![CDATA[9561cdda0d17fd15cfb9cecf7f0d081c
\u6211\u4eec\u662f\u4e2d\u56fd\u4ebaasdfsdfsd
this.is 0, 0,women
]]></system-out>
  <system-err><![CDATA[]]></system-err>
</testsuite>
