<?xml version="1.0" encoding="UTF-8"?>
<testsuite name="com.lakeside.core.utils.PatternUtilsTest" tests="2" skipped="0" failures="0" errors="0" timestamp="2014-11-09T08:04:20" hostname="dejun" time="0.002">
  <properties/>
  <testcase name="test" classname="com.lakeside.core.utils.PatternUtilsTest" time="0.001"/>
  <testcase name="testTrimMatch" classname="com.lakeside.core.utils.PatternUtilsTest" time="0.001"/>
  <system-out><![CDATA[Voce e muito linda, podemos nos conhecer quando voce vier pra ca ? (@mihblueberry live on http://t.co/OhEQWcrf)
Voce e muito linda, podemos nos conhecer quando voce vier pra ca ? (@mihblueberry live on 
Voce e muito linda, podemos nos conhecer quando voce vier pra ca ? (@mihblueberry live on http://t.co/OhEQWcrf 的撒发生大幅  http://www.google.com .com)
Voce e muito linda, podemos nos conhecer quando voce vier pra ca ? (@mihblueberry live on  的撒发生大幅   .com)
]]></system-out>
  <system-err><![CDATA[]]></system-err>
</testsuite>
