<?xml version="1.0" encoding="UTF-8"?>
<testsuite name="com.lakeside.core.utils.time.DataFormatTest" tests="1" skipped="0" failures="0" errors="0" timestamp="2014-11-09T08:04:20" hostname="dejun" time="0.013">
  <properties/>
  <testcase name="test" classname="com.lakeside.core.utils.time.DataFormatTest" time="0.013"/>
  <system-out><![CDATA[Thu Dec 12 12:12:00 SGT 2013
Thu Dec 12 12:12:00 SGT 2013
Fri Dec 20 08:51:00 SGT 2013
Fri Dec 20 00:00:00 SGT 2013
Fri Dec 20 03:09:00 SGT 2013
Thu Dec 12 12:12:12 SGT 2013
Thu Dec 12 00:00:00 SGT 2013
Thu Dec 12 12:12:12 SGT 2013
Thu Dec 12 12:12:12 SGT 2013
Thu Dec 12 12:12:00 SGT 2013
Thu Dec 12 12:12:00 SGT 2013
Thu Dec 12 00:00:00 SGT 2013
Thu Dec 12 12:12:00 SGT 2013
Thu Dec 12 12:12:00 SGT 2013
Thu Dec 12 12:12:00 SGT 2013
Thu Dec 12 00:00:00 SGT 2013
16:04:20.107 [Test worker] ERROR DateFormat - change string to date error:dfDec 12, 2013
16:04:20.109 [Test worker] WARN  DateFormat - change string to date faild [dfDec 12, 2013]
null
16:04:20.110 [Test worker] ERROR DateFormat - change string to date error:dfDec 12,2013
16:04:20.110 [Test worker] WARN  DateFormat - change string to date faild [dfDec 12,2013]
null
]]></system-out>
  <system-err><![CDATA[]]></system-err>
</testsuite>
