<?xml version="1.0" encoding="UTF-8"?>
<testsuite name="com.lakeside.core.utils.UUIDUtilsTest" tests="1" skipped="0" failures="0" errors="0" timestamp="2014-11-09T08:04:20" hostname="dejun" time="0.001">
  <properties/>
  <testcase name="testEncodeMongoBinData" classname="com.lakeside.core.utils.UUIDUtilsTest" time="0.001"/>
  <system-out><![CDATA[1j+PyCnYp7eNe1WrgDbjig==
]]></system-out>
  <system-err><![CDATA[]]></system-err>
</testsuite>
