<?xml version="1.0" encoding="UTF-8"?>
<testsuite name="com.lakeside.AppTest" tests="1" skipped="0" failures="0" errors="0" timestamp="2014-11-09T08:04:19" hostname="dejun" time="0.008">
  <properties/>
  <testcase name="testApp" classname="com.lakeside.AppTest" time="0.008"/>
  <system-out><![CDATA[00110001
]]></system-out>
  <system-err><![CDATA[]]></system-err>
</testsuite>
