<?xml version="1.0" encoding="UTF-8"?>
<testsuite name="com.lakeside.core.utils.LinuxSystemUtilsTest" tests="1" skipped="0" failures="0" errors="0" timestamp="2014-11-09T08:04:20" hostname="dejun" time="0.004">
  <properties/>
  <testcase name="test" classname="com.lakeside.core.utils.LinuxSystemUtilsTest" time="0.004"/>
  <system-out><![CDATA[GNU/Linux

]]></system-out>
  <system-err><![CDATA[]]></system-err>
</testsuite>
